0 info it worked if it ends with ok
1 verbose cli [ '/home/sriram/software/node-v6.10.3-linux-x64/bin/node',
1 verbose cli   '/home/sriram/software/node-v6.10.3-linux-x64/bin/npm',
1 verbose cli   'run',
1 verbose cli   'test' ]
2 info using npm@3.10.10
3 info using node@v6.10.3
4 verbose run-script [ 'pretest', 'test', 'posttest' ]
5 info lifecycle karma-es6-coverage@0.0.1~pretest: karma-es6-coverage@0.0.1
6 silly lifecycle karma-es6-coverage@0.0.1~pretest: no script for pretest, continuing
7 info lifecycle karma-es6-coverage@0.0.1~test: karma-es6-coverage@0.0.1
8 verbose lifecycle karma-es6-coverage@0.0.1~test: unsafe-perm in lifecycle true
9 verbose lifecycle karma-es6-coverage@0.0.1~test: PATH: /home/sriram/software/node-v6.10.3-linux-x64/lib/node_modules/npm/bin/node-gyp-bin:/home/sriram/sample-projects/karma-webpack-es6/node_modules/.bin:/home/sriram/sample-projects/karma-webpack-es6/node_modules/.bin:/home/sriram/.config/yarn/link/node_modules/.bin:/home/sriram/sample-projects/karma-webpack-es6/node_modules/.bin:/home/sriram/.config/yarn/link/node_modules/.bin:/home/sriram/software/node-v6.10.3-linux-x64/bin:/home/sriram/software/node-v6.10.3-linux-x64/lib/node_modules/npm/bin/node-gyp-bin:/home/sriram/software/node-v6.10.3-linux-x64/bin/node_modules/npm/bin/node-gyp-bin:/home/sriram/.local/bin:/home/sriram/software/node/bin:./bin/:./sbin/:./games/:../bin/:../sbin/:/usr/local/sbin:/usr/local/bin:/usr/sbin:/usr/bin:/sbin:/bin:/usr/games:/usr/local/games:/snap/bin
10 verbose lifecycle karma-es6-coverage@0.0.1~test: CWD: /home/sriram/sample-projects/karma-webpack-es6
11 silly lifecycle karma-es6-coverage@0.0.1~test: Args: [ '-c', 'mocha --opts test/mocha.opts' ]
12 silly lifecycle karma-es6-coverage@0.0.1~test: Returned: code: 2  signal: null
13 info lifecycle karma-es6-coverage@0.0.1~test: Failed to exec test script
14 verbose stack Error: karma-es6-coverage@0.0.1 test: `mocha --opts test/mocha.opts`
14 verbose stack Exit status 2
14 verbose stack     at EventEmitter.<anonymous> (/home/sriram/software/node-v6.10.3-linux-x64/lib/node_modules/npm/lib/utils/lifecycle.js:255:16)
14 verbose stack     at emitTwo (events.js:106:13)
14 verbose stack     at EventEmitter.emit (events.js:191:7)
14 verbose stack     at ChildProcess.<anonymous> (/home/sriram/software/node-v6.10.3-linux-x64/lib/node_modules/npm/lib/utils/spawn.js:40:14)
14 verbose stack     at emitTwo (events.js:106:13)
14 verbose stack     at ChildProcess.emit (events.js:191:7)
14 verbose stack     at maybeClose (internal/child_process.js:886:16)
14 verbose stack     at Process.ChildProcess._handle.onexit (internal/child_process.js:226:5)
15 verbose pkgid karma-es6-coverage@0.0.1
16 verbose cwd /home/sriram/sample-projects/karma-webpack-es6
17 error Linux 4.10.0-26-generic
18 error argv "/home/sriram/software/node-v6.10.3-linux-x64/bin/node" "/home/sriram/software/node-v6.10.3-linux-x64/bin/npm" "run" "test"
19 error node v6.10.3
20 error npm  v3.10.10
21 error code ELIFECYCLE
22 error karma-es6-coverage@0.0.1 test: `mocha --opts test/mocha.opts`
22 error Exit status 2
23 error Failed at the karma-es6-coverage@0.0.1 test script 'mocha --opts test/mocha.opts'.
23 error Make sure you have the latest version of node.js and npm installed.
23 error If you do, this is most likely a problem with the karma-es6-coverage package,
23 error not with npm itself.
23 error Tell the author that this fails on your system:
23 error     mocha --opts test/mocha.opts
23 error You can get information on how to open an issue for this project with:
23 error     npm bugs karma-es6-coverage
23 error Or if that isn't available, you can get their info via:
23 error     npm owner ls karma-es6-coverage
23 error There is likely additional logging output above.
24 verbose exit [ 1, true ]
